android/app/build/outputs/logs/manifest-merger-development-debug-report.txt
-- Merging decision tree log ---
application
INJECTED from src\main\AndroidManifest.xml:16:5-81:19
INJECTED from src\debug\AndroidManifest.xml
MERGED from [:cloud_firestore] AndroidManifest.xml:7:5-13:19
MERGED from [:cloud_firestore] AndroidManifest.xml:7:5-13:19
MERGED from [:firebase_analytics] AndroidManifest.xml:11:5-17:19
MERGED from [:firebase_analytics] AndroidManifest.xml:11:5-17:19
MERGED from [:firebase_auth] AndroidManifest.xml:7:5-13:19
MERGED from [:firebase_auth] AndroidManifest.xml:7:5-13:19
MERGED from [:firebase_crashlytics] AndroidManifest.xml:7:5-13:19
MERGED from [:firebase_crashlytics] AndroidManifest.xml:7:5-13:19
MERGED from [:firebase_database] AndroidManifest.xml:7:5-13:19
MERGED from [:firebase_database] AndroidManifest.xml:7:5-13:19
MERGED from [:firebase_dynamic_links] AndroidManifest.xml:9:5-15:19
MERGED from [:firebase_dynamic_links] AndroidManifest.xml:9:5-15:19
MERGED from [:firebase_messaging] AndroidManifest.xml:13:5-46:19
MERGED from [:firebase_messaging] AndroidManifest.xml:13:5-46:19
MERGED from [:firebase_performance] AndroidManifest.xml:9:5-15:19
MERGED from [:firebase_performance] AndroidManifest.xml:9:5-15:19
MERGED from [:firebase_storage] AndroidManifest.xml:7:5-13:19
MERGED from [:firebase_storage] AndroidManifest.xml:7:5-13:19
MERGED from [:firebase_core] AndroidManifest.xml:7:5-13:19
MERGED from [:firebase_core] AndroidManifest.xml:7:5-13:19
MERGED from [:flutter_callkit_incoming] AndroidManifest.xml:15:5-53:19
MERGED from [:flutter_callkit_incoming] AndroidManifest.xml:15:5-53:19
MERGED from [:image_picker_android] AndroidManifest.xml:8:5-32:19
MERGED from [:image_picker_android] AndroidManifest.xml:8:5-32:19
MERGED from [:geolocator_android] AndroidManifest.xml:7:5-13:19
MERGED from [:geolocator_android] AndroidManifest.xml:7:5-13:19
MERGED from [:share_plus] AndroidManifest.xml:7:5-33:19
MERGED from [:share_plus] AndroidManifest.xml:7:5-33:19
MERGED from [:url_launcher_android] AndroidManifest.xml:7:5-12:19
MERGED from [:url_launcher_android] AndroidManifest.xml:7:5-12:19
MERGED from [com.google.mlkit:linkfirebase:17.0.0] AndroidManifest.xml:8:5-16:19
MERGED from [com.google.mlkit:linkfirebase:17.0.0] AndroidManifest.xml:8:5-16:19
MERGED from [com.google.firebase:firebase-iid:21.1.0] AndroidManifest.xml:28:5-36:19
MERGED from [com.google.firebase:firebase-iid:21.1.0] AndroidManifest.xml:28:5-36:19
MERGED from [com.google.firebase:firebase-auth:23.1.0] AndroidManifest.xml:28:5-73:19
MERGED from [com.google.firebase:firebase-auth:23.1.0] AndroidManifest.xml:28:5-73:19
MERGED from [com.google.firebase:firebase-crashlytics:19.3.0] AndroidManifest.xml:11:5-22:19
MERGED from [com.google.firebase:firebase-crashlytics:19.3.0] AndroidManifest.xml:11:5-22:19
MERGED from [com.google.firebase:firebase-analytics:22.1.2] AndroidManifest.xml:7:5-20
MERGED from [com.google.firebase:firebase-analytics:22.1.2] AndroidManifest.xml:7:5-20
MERGED from [androidx.credentials:credentials-play-services-auth:1.2.0-rc01] AndroidManifest.xml:23:5-42:19
MERGED from [androidx.credentials:credentials-play-services-auth:1.2.0-rc01] AndroidManifest.xml:23:5-42:19
MERGED from [com.google.android.gms:play-services-auth:21.3.0] AndroidManifest.xml:22:5-38:19
MERGED from [com.google.android.gms:play-services-auth:21.3.0] AndroidManifest.xml:22:5-38:19
MERGED from [com.facebook.android:facebook-android-sdk:18.0.2] AndroidManifest.xml:14:5-15:19
MERGED from [com.facebook.android:facebook-android-sdk:18.0.2] AndroidManifest.xml:14:5-15:19
MERGED from [com.google.firebase:firebase-firestore:25.1.1] AndroidManifest.xml:13:5-24:19
MERGED from [com.google.firebase:firebase-firestore:25.1.1] AndroidManifest.xml:13:5-24:19
MERGED from [com.stripe:financial-connections:20.52.3] AndroidManifest.xml:20:5-75:19
MERGED from [com.stripe:financial-connections:20.52.3] AndroidManifest.xml:20:5-75:19
MERGED from [com.facebook.android:facebook-login:18.0.2] AndroidManifest.xml:14:5-15:19
MERGED from [com.facebook.android:facebook-login:18.0.2] AndroidManifest.xml:14:5-15:19
MERGED from [com.facebook.android:facebook-gamingservices:18.0.2] AndroidManifest.xml:14:5-15:19
MERGED from [com.facebook.android:facebook-gamingservices:18.0.2] AndroidManifest.xml:14:5-15:19
MERGED from [com.facebook.android:facebook-share:18.0.2] AndroidManifest.xml:14:5-15:19
MERGED from [com.facebook.android:facebook-share:18.0.2] AndroidManifest.xml:14:5-15:19
MERGED from [com.facebook.android:facebook-common:18.0.2] AndroidManifest.xml:19:5-40:19
MERGED from [com.facebook.android:facebook-common:18.0.2] AndroidManifest.xml:19:5-40:19
MERGED from [com.google.firebase:firebase-perf:21.0.3] AndroidManifest.xml:10:5-21:19
MERGED from [com.google.firebase:firebase-perf:21.0.3] AndroidManifest.xml:10:5-21:19
MERGED from [com.google.mlkit:face-mesh-detection:16.0.0-beta2] AndroidManifest.xml:7:5-15:19
MERGED from [com.google.mlkit:face-mesh-detection:16.0.0-beta2] AndroidManifest.xml:7:5-15:19
MERGED from [com.google.mlkit:image-labeling:17.0.9] AndroidManifest.xml:7:5-15:19
MERGED from [com.google.mlkit:image-labeling:17.0.9] AndroidManifest.xml:7:5-15:19
MERGED from [com.google.mlkit:image-labeling-custom:17.0.3] AndroidManifest.xml:7:5-15:19
MERGED from [com.google.mlkit:image-labeling-custom:17.0.3] AndroidManifest.xml:7:5-15:19
MERGED from [com.google.mlkit:object-detection:17.0.2] AndroidManifest.xml:10:5-18:19
MERGED from [com.google.mlkit:object-detection:17.0.2] AndroidManifest.xml:10:5-18:19
MERGED from [com.google.mlkit:object-detection-custom:17.0.2] AndroidManifest.xml:7:5-15:19
MERGED from [com.google.mlkit:object-detection-custom:17.0.2] AndroidManifest.xml:7:5-15:19
MERGED from [com.google.mlkit:segmentation-selfie:16.0.0-beta6] AndroidManifest.xml:8:5-16:19
MERGED from [com.google.mlkit:segmentation-selfie:16.0.0-beta6] AndroidManifest.xml:8:5-16:19
MERGED from [com.google.android.gms:play-services-mlkit-barcode-scanning:18.3.1] AndroidManifest.xml:8:5-16:19
MERGED from [com.google.android.gms:play-services-mlkit-barcode-scanning:18.3.1] AndroidManifest.xml:8:5-16:19
MERGED from [com.google.android.gms:play-services-mlkit-face-detection:17.1.0] AndroidManifest.xml:8:5-16:19
MERGED from [com.google.android.gms:play-services-mlkit-face-detection:17.1.0] AndroidManifest.xml:8:5-16:19
MERGED from [com.google.mlkit:vision-internal-vkp:18.2.3] AndroidManifest.xml:10:5-18:19
MERGED from [com.google.mlkit:vision-internal-vkp:18.2.3] AndroidManifest.xml:10:5-18:19
MERGED from [com.google.mlkit:pose-detection:18.0.0-beta5] AndroidManifest.xml:7:5-20
MERGED from [com.google.mlkit:pose-detection:18.0.0-beta5] AndroidManifest.xml:7:5-20
MERGED from [com.google.mlkit:pose-detection-accurate:18.0.0-beta5] AndroidManifest.xml:7:5-20
MERGED from [com.google.mlkit:pose-detection-accurate:18.0.0-beta5] AndroidManifest.xml:7:5-20
MERGED from [com.google.mlkit:pose-detection-common:18.0.0-beta5] AndroidManifest.xml:10:5-33:19
MERGED from [com.google.mlkit:pose-detection-common:18.0.0-beta5] AndroidManifest.xml:10:5-33:19
MERGED from [com.google.android.gms:play-services-mlkit-text-recognition-common:19.1.0] AndroidManifest.xml:8:5-16:19
MERGED from [com.google.android.gms:play-services-mlkit-text-recognition-common:19.1.0] AndroidManifest.xml:8:5-16:19
MERGED from [com.google.mlkit:vision-common:17.3.0] AndroidManifest.xml:8:5-16:19
MERGED from [com.google.mlkit:vision-common:17.3.0] AndroidManifest.xml:8:5-16:19
MERGED from [com.google.mlkit:digital-ink-recognition:18.1.0] AndroidManifest.xml:11:5-19:19
MERGED from [com.google.mlkit:digital-ink-recognition:18.1.0] AndroidManifest.xml:11:5-19:19
MERGED from [com.google.mlkit:entity-extraction:16.0.0-beta5] AndroidManifest.xml:10:5-18:19
MERGED from [com.google.mlkit:entity-extraction:16.0.0-beta5] AndroidManifest.xml:10:5-18:19
MERGED from [com.google.mlkit:smart-reply:17.0.4] AndroidManifest.xml:22:5-30:19
MERGED from [com.google.mlkit:smart-reply:17.0.4] AndroidManifest.xml:22:5-30:19
MERGED from [com.google.mlkit:language-id:17.0.6] AndroidManifest.xml:7:5-15:19
MERGED from [com.google.mlkit:language-id:17.0.6] AndroidManifest.xml:7:5-15:19
MERGED from [com.google.mlkit:translate:17.0.3] AndroidManifest.xml:10:5-18:19
MERGED from [com.google.mlkit:translate:17.0.3] AndroidManifest.xml:10:5-18:19
MERGED from [com.google.mlkit:smart-reply-common:16.1.0] AndroidManifest.xml:22:5-30:19
MERGED from [com.google.mlkit:smart-reply-common:16.1.0] AndroidManifest.xml:22:5-30:19
MERGED from [com.google.mlkit:language-id-common:16.1.0] AndroidManifest.xml:22:5-30:19
MERGED from [com.google.mlkit:language-id-common:16.1.0] AndroidManifest.xml:22:5-30:19
MERGED from [com.google.mlkit:common:18.11.0] AndroidManifest.xml:8:5-24:19
MERGED from [com.google.mlkit:common:18.11.0] AndroidManifest.xml:8:5-24:19
MERGED from [com.stripe:paymentsheet:20.52.3] AndroidManifest.xml:7:5-43:19
MERGED from [com.stripe:paymentsheet:20.52.3] AndroidManifest.xml:7:5-43:19
MERGED from [com.stripe:link:20.52.3] AndroidManifest.xml:7:5-38:19
MERGED from [com.stripe:link:20.52.3] AndroidManifest.xml:7:5-38:19
MERGED from [com.stripe:payments-ui-core:20.52.3] AndroidManifest.xml:7:5-12:19
MERGED from [com.stripe:payments-ui-core:20.52.3] AndroidManifest.xml:7:5-12:19
MERGED from [com.stripe:payments-core:20.52.3] AndroidManifest.xml:14:5-83:19
MERGED from [com.stripe:payments-core:20.52.3] AndroidManifest.xml:14:5-83:19
MERGED from [com.stripe:stripe-3ds2-android:6.1.8] AndroidManifest.xml:7:5-12:19
MERGED from [com.stripe:stripe-3ds2-android:6.1.8] AndroidManifest.xml:7:5-12:19
MERGED from [com.google.android.material:material:1.11.0] AndroidManifest.xml:22:5-20
MERGED from [com.google.android.material:material:1.11.0] AndroidManifest.xml:22:5-20
MERGED from [androidx.constraintlayout:constraintlayout:2.1.4] AndroidManifest.xml:9:5-20
MERGED from [androidx.constraintlayout:constraintlayout:2.1.4] AndroidManifest.xml:9:5-20
MERGED from [com.google.android.gms:play-services-location:21.2.0] AndroidManifest.xml:7:5-20
MERGED from [com.google.android.gms:play-services-location:21.2.0] AndroidManifest.xml:7:5-20
MERGED from [com.google.android.gms:play-services-maps:18.2.0] AndroidManifest.xml:36:5-42:19
MERGED from [com.google.android.gms:play-services-maps:18.2.0] AndroidManifest.xml:36:5-42:19
MERGED from [com.github.bumptech.glide:glide:4.12.0] AndroidManifest.xml:10:5-20
MERGED from [com.github.bumptech.glide:glide:4.12.0] AndroidManifest.xml:10:5-20
MERGED from [com.google.firebase:firebase-messaging:24.1.0] AndroidManifest.xml:28:5-64:19
MERGED from [com.google.firebase:firebase-messaging:24.1.0] AndroidManifest.xml:28:5-64:19
MERGED from [com.google.firebase:firebase-iid-interop:17.1.0] AndroidManifest.xml:7:5-8:19
MERGED from [com.google.firebase:firebase-iid-interop:17.1.0] AndroidManifest.xml:7:5-8:19
MERGED from [com.google.firebase:firebase-database:21.0.0] AndroidManifest.xml:25:5-36:19
MERGED from [com.google.firebase:firebase-database:21.0.0] AndroidManifest.xml:25:5-36:19
MERGED from [com.google.firebase:firebase-dynamic-links:22.1.0] AndroidManifest.xml:20:5-31:19
MERGED from [com.google.firebase:firebase-dynamic-links:22.1.0] AndroidManifest.xml:20:5-31:19
MERGED from [com.google.firebase:firebase-storage:21.0.1] AndroidManifest.xml:26:5-37:19
MERGED from [com.google.firebase:firebase-storage:21.0.1] AndroidManifest.xml:26:5-37:19
MERGED from [com.google.android.gms:play-services-measurement:22.1.2] AndroidManifest.xml:28:5-44:19
MERGED from [com.google.android.gms:play-services-measurement:22.1.2] AndroidManifest.xml:28:5-44:19
MERGED from [com.google.android.gms:play-services-measurement-sdk:22.1.2] AndroidManifest.xml:22:5-23:19
MERGED from [com.google.android.gms:play-services-measurement-sdk:22.1.2] AndroidManifest.xml:22:5-23:19
MERGED from [com.google.android.gms:play-services-measurement-impl:22.1.2] AndroidManifest.xml:29:5-30:19
MERGED from [com.google.android.gms:play-services-measurement-impl:22.1.2] AndroidManifest.xml:29:5-30:19
MERGED from [com.google.android.gms:play-services-fido:20.1.0] AndroidManifest.xml:7:5-8:19
MERGED from [com.google.android.gms:play-services-fido:20.1.0] AndroidManifest.xml:7:5-8:19
MERGED from [com.google.firebase:firebase-appcheck:18.0.0] AndroidManifest.xml:21:5-32:19
MERGED from [com.google.firebase:firebase-appcheck:18.0.0] AndroidManifest.xml:21:5-32:19
MERGED from [com.google.firebase:firebase-appcheck-interop:17.1.0] AndroidManifest.xml:21:5-20
MERGED from [com.google.firebase:firebase-appcheck-interop:17.1.0] AndroidManifest.xml:21:5-20
MERGED from [com.google.mlkit:acceleration:16.0.0-beta2] AndroidManifest.xml:7:5-12:19
MERGED from [com.google.mlkit:acceleration:16.0.0-beta2] AndroidManifest.xml:7:5-12:19
MERGED from [com.google.android.gms:play-services-identity:18.0.1] AndroidManifest.xml:22:5-20
MERGED from [com.google.android.gms:play-services-identity:18.0.1] AndroidManifest.xml:22:5-20
MERGED from [com.google.android.gms:play-services-base:18.5.0] AndroidManifest.xml:4:5-6:19
MERGED from [com.google.android.gms:play-services-base:18.5.0] AndroidManifest.xml:4:5-6:19
MERGED from [com.google.android.gms:play-services-measurement-api:22.1.2] AndroidManifest.xml:29:5-41:19
MERGED from [com.google.android.gms:play-services-measurement-api:22.1.2] AndroidManifest.xml:29:5-41:19
MERGED from [com.google.firebase:firebase-auth-interop:20.0.0] AndroidManifest.xml:7:5-8:19
MERGED from [com.google.firebase:firebase-auth-interop:20.0.0] AndroidManifest.xml:7:5-8:19
MERGED from [com.google.firebase:firebase-sessions:2.0.7] AndroidManifest.xml:21:5-33:19
MERGED from [com.google.firebase:firebase-sessions:2.0.7] AndroidManifest.xml:21:5-33:19
MERGED from [com.google.firebase:firebase-config:22.0.1] AndroidManifest.xml:25:5-36:19
MERGED from [com.google.firebase:firebase-config:22.0.1] AndroidManifest.xml:25:5-36:19
MERGED from [com.google.firebase:firebase-installations:18.0.0] AndroidManifest.xml:11:5-22:19
MERGED from [com.google.firebase:firebase-installations:18.0.0] AndroidManifest.xml:11:5-22:19
MERGED from [com.google.firebase:firebase-common-ktx:21.0.0] AndroidManifest.xml:8:5-16:19
MERGED from [com.google.firebase:firebase-common-ktx:21.0.0] AndroidManifest.xml:8:5-16:19
MERGED from [com.google.firebase:firebase-common:21.0.0] AndroidManifest.xml:22:5-39:19
MERGED from [com.google.firebase:firebase-common:21.0.0] AndroidManifest.xml:22:5-39:19
MERGED from [com.google.android.play:integrity:1.3.0] AndroidManifest.xml:5:5-6:19
MERGED from [com.google.android.play:integrity:1.3.0] AndroidManifest.xml:5:5-6:19
MERGED from [androidx.lifecycle:lifecycle-extensions:2.1.0] AndroidManifest.xml:22:5-23:19
MERGED from [androidx.lifecycle:lifecycle-extensions:2.1.0] AndroidManifest.xml:22:5-23:19
MERGED from [com.facebook.android:facebook-applinks:18.0.2] AndroidManifest.xml:14:5-15:19
MERGED from [com.facebook.android:facebook-applinks:18.0.2] AndroidManifest.xml:14:5-15:19
MERGED from [com.facebook.android:facebook-messenger:18.0.2] AndroidManifest.xml:14:5-15:19
MERGED from [com.facebook.android:facebook-messenger:18.0.2] AndroidManifest.xml:14:5-15:19
MERGED from [com.facebook.android:facebook-core:18.0.2] AndroidManifest.xml:20:5-50:19
MERGED from [com.facebook.android:facebook-core:18.0.2] AndroidManifest.xml:20:5-50:19
MERGED from [com.google.android.gms:play-services-stats:17.0.2] AndroidManifest.xml:7:5-20
MERGED from [com.google.android.gms:play-services-stats:17.0.2] AndroidManifest.xml:7:5-20
MERGED from [androidx.work:work-multiprocess:2.7.0] AndroidManifest.xml:24:5-28:19
MERGED from [androidx.work:work-multiprocess:2.7.0] AndroidManifest.xml:24:5-28:19
MERGED from [androidx.work:work-runtime:2.7.0] AndroidManifest.xml:30:5-143:19
MERGED from [androidx.work:work-runtime:2.7.0] AndroidManifest.xml:30:5-143:19
MERGED from [androidx.emoji2:emoji2:1.4.0] AndroidManifest.xml:23:5-33:19
MERGED from [androidx.emoji2:emoji2:1.4.0] AndroidManifest.xml:23:5-33:19
MERGED from [androidx.lifecycle:lifecycle-process:2.7.0] AndroidManifest.xml:23:5-33:19
MERGED from [androidx.lifecycle:lifecycle-process:2.7.0] AndroidManifest.xml:23:5-33:19
MERGED from [androidx.window:window:1.2.0] AndroidManifest.xml:22:5-29:19
MERGED from [androidx.window:window:1.2.0] AndroidManifest.xml:22:5-29:19
MERGED from [androidx.privacysandbox.ads:ads-adservices:1.0.0-beta05] AndroidManifest.xml:22:5-26:19
MERGED from [androidx.privacysandbox.ads:ads-adservices:1.0.0-beta05] AndroidManifest.xml:22:5-26:19
MERGED from [com.google.android.gms:play-services-tasks:18.2.0] AndroidManifest.xml:4:5-20
MERGED from [com.google.android.gms:play-services-tasks:18.2.0] AndroidManifest.xml:4:5-20
MERGED from [com.google.firebase:firebase-abt:21.1.1] AndroidManifest.xml:10:5-16:19
MERGED from [com.google.firebase:firebase-abt:21.1.1] AndroidManifest.xml:10:5-16:19
MERGED from [com.google.firebase:firebase-measurement-connector:20.0.1] AndroidManifest.xml:22:5-23:19
MERGED from [com.google.firebase:firebase-measurement-connector:20.0.1] AndroidManifest.xml:22:5-23:19
MERGED from [com.google.android.gms:play-services-ads-identifier:18.0.0] AndroidManifest.xml:25:5-20
MERGED from [com.google.android.gms:play-services-ads-identifier:18.0.0] AndroidManifest.xml:25:5-20
MERGED from [com.google.android.gms:play-services-measurement-base:22.1.2] AndroidManifest.xml:7:5-20
MERGED from [com.google.android.gms:play-services-measurement-base:22.1.2] AndroidManifest.xml:7:5-20
MERGED from [com.google.android.gms:play-services-basement:18.4.0] AndroidManifest.xml:5:5-7:19
MERGED from [com.google.android.gms:play-services-basement:18.4.0] AndroidManifest.xml:5:5-7:19
MERGED from [com.facebook.android:facebook-bolts:18.0.2] AndroidManifest.xml:14:5-15:19
MERGED from [com.facebook.android:facebook-bolts:18.0.2] AndroidManifest.xml:14:5-15:19
MERGED from [androidx.core:core:1.13.1] AndroidManifest.xml:28:5-89
MERGED from [androidx.core:core:1.13.1] AndroidManifest.xml:28:5-89
MERGED from [com.squareup.picasso:picasso:2.71828] AndroidManifest.xml:7:5-12:19
MERGED from [com.squareup.picasso:picasso:2.71828] AndroidManifest.xml:7:5-12:19
MERGED from [com.google.firebase:firebase-datatransport:19.0.0] AndroidManifest.xml:21:5-29:19
MERGED from [com.google.firebase:firebase-datatransport:19.0.0] AndroidManifest.xml:21:5-29:19
MERGED from [com.google.android.datatransport:transport-backend-cct:3.3.0] AndroidManifest.xml:25:5-33:19
MERGED from [com.google.android.datatransport:transport-backend-cct:3.3.0] AndroidManifest.xml:25:5-33:19
MERGED from [com.google.android.datatransport:transport-runtime:3.3.0] AndroidManifest.xml:23:5-37:19
MERGED from [com.google.android.datatransport:transport-runtime:3.3.0] AndroidManifest.xml:23:5-37:19
MERGED from [androidx.profileinstaller:profileinstaller:1.3.1] AndroidManifest.xml:23:5-53:19
MERGED from [androidx.profileinstaller:profileinstaller:1.3.1] AndroidManifest.xml:23:5-53:19
MERGED from [androidx.startup:startup-runtime:1.1.1] AndroidManifest.xml:25:5-31:19
MERGED from [androidx.startup:startup-runtime:1.1.1] AndroidManifest.xml:25:5-31:19
MERGED from [androidx.versionedparcelable:versionedparcelable:1.1.1] AndroidManifest.xml:24:5-25:19
MERGED from [androidx.versionedparcelable:versionedparcelable:1.1.1] AndroidManifest.xml:24:5-25:19
MERGED from [com.github.bumptech.glide:gifdecoder:4.12.0] AndroidManifest.xml:9:5-20
MERGED from [com.github.bumptech.glide:gifdecoder:4.12.0] AndroidManifest.xml:9:5-20
MERGED from [androidx.room:room-runtime:2.2.5] AndroidManifest.xml:24:5-29:19
MERGED from [androidx.room:room-runtime:2.2.5] AndroidManifest.xml:24:5-29:19
MERGED from [io.agora.rtc:full-screen-sharing:4.5.0.1] AndroidManifest.xml:10:5-20:19
MERGED from [io.agora.rtc:full-screen-sharing:4.5.0.1] AndroidManifest.xml:10:5-20:19
MERGED from [de.hdodenhof:circleimageview:3.1.0] AndroidManifest.xml:9:5-20
MERGED from [de.hdodenhof:circleimageview:3.1.0] AndroidManifest.xml:9:5-20
MERGED from [com.google.maps.android:android-maps-utils:3.6.0] AndroidManifest.xml:7:5-11:19
MERGED from [com.google.maps.android:android-maps-utils:3.6.0] AndroidManifest.xml:7:5-11:19
MERGED from [com.google.android.odml:image:1.0.0-beta1] AndroidManifest.xml:7:5-20
MERGED from [com.google.android.odml:image:1.0.0-beta1] AndroidManifest.xml:7:5-20
MERGED from [com.android.installreferrer:installreferrer:1.0] AndroidManifest.xml:11:5-20
MERGED from [com.android.installreferrer:installreferrer:1.0] AndroidManifest.xml:11:5-20
MERGED from [com.google.android.play:core-common:2.0.3] AndroidManifest.xml:11:5-19:19
MERGED from [com.google.android.play:core-common:2.0.3] AndroidManifest.xml:11:5-19:19
MERGED from [com.google.android.instantapps:instantapps:1.1.0] AndroidManifest.xml:9:5-13:19
MERGED from [com.google.android.instantapps:instantapps:1.1.0] AndroidManifest.xml:9:5-13:19
	android:extractNativeLibs
		INJECTED from src\debug\AndroidManifest.xml
	android:appComponentFactory
		ADDED from [androidx.core:core:1.13.1] AndroidManifest.xml:28:18-86
	android:supportsRtl
		ADDED from [com.facebook.android:facebook-android-sdk:18.0.2] AndroidManifest.xml:14:18-44
	android:name
		INJECTED from src\main\AndroidManifest.xml
manifest
ADDED from src\main\AndroidManifest.xml:1:1-93:12
MERGED from src\main\AndroidManifest.xml:1:1-93:12
INJECTED from src\debug\AndroidManifest.xml:1:1-7:12
INJECTED from src\debug\AndroidManifest.xml:1:1-7:12
INJECTED from src\debug\AndroidManifest.xml:1:1-7:12
MERGED from [:agora_rtc_engine] AndroidManifest.xml:2:1-21:12
MERGED from [:audioplayers_android] AndroidManifest.xml:2:1-7:12
MERGED from [:cloud_firestore] AndroidManifest.xml:2:1-15:12
MERGED from [:connectivity_plus] AndroidManifest.xml:2:1-9:12
MERGED from [:device_info_plus] AndroidManifest.xml:2:1-7:12
MERGED from [:eraser] AndroidManifest.xml:2:1-7:12
MERGED from [:file_picker] AndroidManifest.xml:2:1-19:12
MERGED from [:firebase_analytics] AndroidManifest.xml:2:1-19:12
MERGED from [:firebase_auth] AndroidManifest.xml:2:1-15:12
MERGED from [:firebase_crashlytics] AndroidManifest.xml:2:1-15:12
MERGED from [:firebase_database] AndroidManifest.xml:2:1-15:12
MERGED from [:firebase_dynamic_links] AndroidManifest.xml:2:1-17:12
MERGED from [:firebase_messaging] AndroidManifest.xml:2:1-48:12
MERGED from [:firebase_performance] AndroidManifest.xml:2:1-17:12
MERGED from [:firebase_storage] AndroidManifest.xml:2:1-15:12
MERGED from [:firebase_core] AndroidManifest.xml:2:1-15:12
MERGED from [:flutter_callkit_incoming] AndroidManifest.xml:2:1-55:12
MERGED from [:flutter_facebook_auth] AndroidManifest.xml:2:1-7:12
MERGED from [:flutter_image_compress_common] AndroidManifest.xml:2:1-10:12
MERGED from [:flutter_local_notifications] AndroidManifest.xml:2:1-10:12
MERGED from [:flutter_localization] AndroidManifest.xml:2:1-7:12
MERGED from [:flutter_native_splash] AndroidManifest.xml:2:1-7:12
MERGED from [:google_maps_flutter_android] AndroidManifest.xml:2:1-7:12
MERGED from [:image_picker_android] AndroidManifest.xml:2:1-34:12
MERGED from [:flutter_plugin_android_lifecycle] AndroidManifest.xml:2:1-7:12
MERGED from [:flutter_secure_storage] AndroidManifest.xml:2:1-10:12
MERGED from [:fluttertoast] AndroidManifest.xml:2:1-7:12
MERGED from [:geocoding_android] AndroidManifest.xml:2:1-7:12
MERGED from [:geolocator_android] AndroidManifest.xml:2:1-15:12
MERGED from [:google_mlkit_barcode_scanning] AndroidManifest.xml:2:1-7:12
MERGED from [:google_mlkit_digital_ink_recognition] AndroidManifest.xml:2:1-7:12
MERGED from [:google_mlkit_entity_extraction] AndroidManifest.xml:2:1-7:12
MERGED from [:google_mlkit_face_detection] AndroidManifest.xml:2:1-7:12
MERGED from [:google_mlkit_face_mesh_detection] AndroidManifest.xml:2:1-7:12
MERGED from [:google_mlkit_image_labeling] AndroidManifest.xml:2:1-7:12
MERGED from [:google_mlkit_object_detection] AndroidManifest.xml:2:1-7:12
MERGED from [:google_mlkit_pose_detection] AndroidManifest.xml:2:1-7:12
MERGED from [:google_mlkit_selfie_segmentation] AndroidManifest.xml:2:1-7:12
MERGED from [:google_mlkit_text_recognition] AndroidManifest.xml:2:1-7:12
MERGED from [:google_mlkit_translation] AndroidManifest.xml:2:1-7:12
MERGED from [:google_mlkit_commons] AndroidManifest.xml:2:1-7:12
MERGED from [:google_mlkit_language_id] AndroidManifest.xml:2:1-7:12
MERGED from [:google_mlkit_smart_reply] AndroidManifest.xml:2:1-7:12
MERGED from [:google_sign_in_android] AndroidManifest.xml:2:1-9:12
MERGED from [:iris_method_channel] AndroidManifest.xml:2:1-7:12
MERGED from [:package_info_plus] AndroidManifest.xml:2:1-7:12
MERGED from [:path_provider_android] AndroidManifest.xml:2:1-7:12
MERGED from [:permission_handler_android] AndroidManifest.xml:2:1-7:12
MERGED from [:share_plus] AndroidManifest.xml:2:1-35:12
MERGED from [:shared_preferences_android] AndroidManifest.xml:2:1-7:12
MERGED from [:sqflite_android] AndroidManifest.xml:2:1-7:12
MERGED from [:stripe_android] AndroidManifest.xml:2:1-7:12
MERGED from [:url_launcher_android] AndroidManifest.xml:2:1-14:12
MERGED from [:vibration] AndroidManifest.xml:2:1-9:12
MERGED from [com.google.mlkit:linkfirebase:17.0.0] AndroidManifest.xml:2:1-18:12
MERGED from [com.google.firebase:firebase-iid:21.1.0] AndroidManifest.xml:17:1-38:12
MERGED from [com.google.firebase:firebase-auth:23.1.0] AndroidManifest.xml:17:1-75:12
MERGED from [com.google.firebase:firebase-crashlytics:19.3.0] AndroidManifest.xml:2:1-24:12
MERGED from [com.google.firebase:firebase-analytics:22.1.2] AndroidManifest.xml:2:1-9:12
MERGED from [androidx.credentials:credentials:1.2.0-rc01] AndroidManifest.xml:2:1-7:12
MERGED from [androidx.credentials:credentials-play-services-auth:1.2.0-rc01] AndroidManifest.xml:17:1-44:12
MERGED from [com.google.android.gms:play-services-auth:21.3.0] AndroidManifest.xml:17:1-40:12
MERGED from [com.facebook.android:facebook-android-sdk:18.0.2] AndroidManifest.xml:9:1-17:12
MERGED from [com.google.firebase:firebase-firestore:25.1.1] AndroidManifest.xml:2:1-26:12
MERGED from [com.stripe:financial-connections:20.52.3] AndroidManifest.xml:2:1-77:12
MERGED from [com.facebook.android:facebook-login:18.0.2] AndroidManifest.xml:9:1-17:12
MERGED from [com.facebook.android:facebook-gamingservices:18.0.2] AndroidManifest.xml:9:1-17:12
MERGED from [com.facebook.android:facebook-share:18.0.2] AndroidManifest.xml:9:1-17:12
MERGED from [com.facebook.android:facebook-common:18.0.2] AndroidManifest.xml:9:1-42:12
MERGED from [com.google.firebase:firebase-perf:21.0.3] AndroidManifest.xml:3:1-23:12
MERGED from [androidx.appcompat:appcompat-resources:1.6.1] AndroidManifest.xml:17:1-22:12
MERGED from [com.google.mlkit:barcode-scanning:17.3.0] AndroidManifest.xml:2:1-7:12
MERGED from [com.google.mlkit:face-mesh-detection:16.0.0-beta2] AndroidManifest.xml:2:1-17:12
MERGED from [com.google.mlkit:image-labeling:17.0.9] AndroidManifest.xml:2:1-17:12
MERGED from [com.google.mlkit:image-labeling-custom:17.0.3] AndroidManifest.xml:2:1-17:12
MERGED from [com.google.mlkit:object-detection:17.0.2] AndroidManifest.xml:2:1-20:12
MERGED from [com.google.mlkit:object-detection-custom:17.0.2] AndroidManifest.xml:2:1-17:12
MERGED from [com.google.mlkit:segmentation-selfie:16.0.0-beta6] AndroidManifest.xml:2:1-18:12
MERGED from [com.google.android.gms:play-services-mlkit-barcode-scanning:18.3.1] AndroidManifest.xml:2:1-18:12
MERGED from [com.google.mlkit:barcode-scanning-common:17.0.0] AndroidManifest.xml:2:1-7:12
MERGED from [com.google.mlkit:face-detection:16.1.7] AndroidManifest.xml:2:1-8:12
MERGED from [com.google.android.gms:play-services-mlkit-face-detection:17.1.0] AndroidManifest.xml:2:1-18:12
MERGED from [com.google.mlkit:image-labeling-default-common:17.0.0] AndroidManifest.xml:2:1-7:12
MERGED from [com.google.mlkit:image-labeling-custom-common:17.0.0] AndroidManifest.xml:2:1-7:12
MERGED from [com.google.mlkit:image-labeling-common:18.1.0] AndroidManifest.xml:2:1-7:12
MERGED from [com.google.mlkit:vision-internal-vkp:18.2.3] AndroidManifest.xml:2:1-20:12
MERGED from [com.google.mlkit:object-detection-common:18.0.0] AndroidManifest.xml:2:1-7:12
MERGED from [com.google.mlkit:pose-detection:18.0.0-beta5] AndroidManifest.xml:2:1-9:12
MERGED from [com.google.mlkit:pose-detection-accurate:18.0.0-beta5] AndroidManifest.xml:2:1-9:12
MERGED from [com.google.mlkit:pose-detection-common:18.0.0-beta5] AndroidManifest.xml:2:1-35:12
MERGED from [com.google.mlkit:mediapipe-internal:17.0.0-beta10] AndroidManifest.xml:2:1-8:12
MERGED from [com.google.mlkit:text-recognition:16.0.1] AndroidManifest.xml:2:1-7:12
MERGED from [com.google.mlkit:text-recognition-bundled-common:17.0.0] AndroidManifest.xml:2:1-7:12
MERGED from [com.google.android.gms:play-services-mlkit-text-recognition:19.0.1] AndroidManifest.xml:2:1-8:12
MERGED from [com.google.android.gms:play-services-mlkit-text-recognition-common:19.1.0] AndroidManifest.xml:2:1-18:12
MERGED from [com.google.mlkit:vision-common:17.3.0] AndroidManifest.xml:2:1-18:12
MERGED from [com.google.mlkit:digital-ink-recognition:18.1.0] AndroidManifest.xml:2:1-21:12
MERGED from [com.google.mlkit:entity-extraction:16.0.0-beta5] AndroidManifest.xml:2:1-20:12
MERGED from [com.google.mlkit:smart-reply:17.0.4] AndroidManifest.xml:17:1-32:12
MERGED from [com.google.mlkit:language-id:17.0.6] AndroidManifest.xml:2:1-17:12
MERGED from [com.google.mlkit:translate:17.0.3] AndroidManifest.xml:2:1-20:12
MERGED from [com.google.mlkit:smart-reply-common:16.1.0] AndroidManifest.xml:17:1-32:12
MERGED from [com.google.mlkit:language-id-common:16.1.0] AndroidManifest.xml:17:1-32:12
MERGED from [com.google.mlkit:common:18.11.0] AndroidManifest.xml:2:1-26:12
MERGED from [com.stripe:stripe-android:20.52.3] AndroidManifest.xml:2:1-7:12
MERGED from [com.stripe:paymentsheet:20.52.3] AndroidManifest.xml:2:1-45:12
MERGED from [com.stripe:link:20.52.3] AndroidManifest.xml:2:1-40:12
MERGED from [com.stripe:payments-ui-core:20.52.3] AndroidManifest.xml:2:1-14:12
MERGED from [com.stripe:payments-core:20.52.3] AndroidManifest.xml:2:1-85:12
MERGED from [com.stripe:payments-model:20.52.3] AndroidManifest.xml:2:1-7:12